<?xml version="1.0" encoding="UTF-8"?>
<testsuite name="serverloadbalancer.serverLoadBalancerTest" tests="4" skipped="0" failures="0" errors="0" timestamp="2015-03-11T14:49:03" hostname="Andrews-MacBook-Pro-3.local" time="0.009">
  <properties/>
  <testcase name="balanceAServerWithTenSlotsCapacity_andAOneSlotVm_fillsTheServerAtTenPercent" classname="serverloadbalancer.serverLoadBalancerTest" time="0.004"/>
  <testcase name="itCompiles" classname="serverloadbalancer.serverLoadBalancerTest" time="0.003"/>
  <testcase name="balancingOneServer_noVm_serverStaysEmpty" classname="serverloadbalancer.serverLoadBalancerTest" time="0.0"/>
  <testcase name="balanceAServerWithOnceSlotCapacity_andAOneSlotVm_fillsTheServerWithTheVM" classname="serverloadbalancer.serverLoadBalancerTest" time="0.0"/>
  <system-out><![CDATA[]]></system-out>
  <system-err><![CDATA[]]></system-err>
</testsuite>
